<?xml version="1.0" encoding="UTF-8"?>
<!-- Generated by org.testng.reporters.JUnitXMLReporter -->
<testsuite hostname="DilipPatel-pc" name="Default test" tests="10" failures="0" timestamp="4 Aug 2016 18:22:32 GMT" time="164.891" errors="0">
  <testcase name="@BeforeClass init" time="0.0" classname="com.dnl.test.sample.DenovoLabTest">
    <failure type="org.openqa.selenium.remote.UnreachableBrowserException" message="Could not start a new session. Possible causes are invalid address of the remote server or browser start-up failure.
Build info: version: &amp;apos;2.52.0&amp;apos;, revision: &amp;apos;4c2593c&amp;apos;, time: &amp;apos;2016-02-11 19:03:33&amp;apos;
System info: host: &amp;apos;DilipPatel-pc&amp;apos;, ip: &amp;apos;127.0.0.1&amp;apos;, os.name: &amp;apos;Windows 10&amp;apos;, os.arch: &amp;apos;x86&amp;apos;, os.version: &amp;apos;10.0&amp;apos;, java.version: &amp;apos;1.8.0_66&amp;apos;
Driver info: driver.version: FirefoxDriver">
      <![CDATA[org.openqa.selenium.remote.UnreachableBrowserException: Could not start a new session. Possible causes are invalid address of the remote server or browser start-up failure.
Build info: version: '2.52.0', revision: '4c2593c', time: '2016-02-11 19:03:33'
System info: host: 'DilipPatel-pc', ip: '127.0.0.1', os.name: 'Windows 10', os.arch: 'x86', os.version: '10.0', java.version: '1.8.0_66'
Driver info: driver.version: FirefoxDriver
	at org.openqa.selenium.remote.RemoteWebDriver.execute(RemoteWebDriver.java:665)
	at org.openqa.selenium.remote.RemoteWebDriver.startSession(RemoteWebDriver.java:249)
	at org.openqa.selenium.remote.RemoteWebDriver.<init>(RemoteWebDriver.java:131)
	at org.openqa.selenium.firefox.FirefoxDriver.<init>(FirefoxDriver.java:218)
	at org.openqa.selenium.firefox.FirefoxDriver.<init>(FirefoxDriver.java:211)
	at org.openqa.selenium.firefox.FirefoxDriver.<init>(FirefoxDriver.java:207)
	at org.openqa.selenium.firefox.FirefoxDriver.<init>(FirefoxDriver.java:124)
	at com.dnl.util.DriverFactory.getFFDriver(DriverFactory.java:64)
	at com.dnl.util.DriverFactory.getDriver(DriverFactory.java:29)
	at com.dnl.automationengine.WebRobot.<init>(WebRobot.java:71)
	at com.dnl.automationengine.WebRobot.getWebRobot(WebRobot.java:89)
	at com.dnl.pages.common.Page.<init>(Page.java:26)
	at com.dnl.pages.login.LoginPage.<init>(LoginPage.java:5)
	at com.dnl.test.sample.DenovoLabTest.init(DenovoLabTest.java:21)
	at sun.reflect.NativeMethodAccessorImpl.invoke0(Native Method)
	at sun.reflect.NativeMethodAccessorImpl.invoke(Unknown Source)
	at sun.reflect.DelegatingMethodAccessorImpl.invoke(Unknown Source)
	at java.lang.reflect.Method.invoke(Unknown Source)
	at org.testng.internal.MethodInvocationHelper.invokeMethod(MethodInvocationHelper.java:86)
	at org.testng.internal.Invoker.invokeConfigurationMethod(Invoker.java:515)
	at org.testng.internal.Invoker.invokeConfigurations(Invoker.java:216)
	at org.testng.internal.Invoker.invokeConfigurations(Invoker.java:143)
	at org.testng.internal.TestMethodWorker.invokeBeforeClassMethods(TestMethodWorker.java:178)
	at org.testng.internal.TestMethodWorker.run(TestMethodWorker.java:108)
	at org.testng.TestRunner.privateRun(TestRunner.java:778)
	at org.testng.TestRunner.run(TestRunner.java:632)
	at org.testng.SuiteRunner.runTest(SuiteRunner.java:366)
	at org.testng.SuiteRunner.runSequentially(SuiteRunner.java:361)
	at org.testng.SuiteRunner.privateRun(SuiteRunner.java:319)
	at org.testng.SuiteRunner.run(SuiteRunner.java:268)
	at org.testng.SuiteRunnerWorker.runSuite(SuiteRunnerWorker.java:52)
	at org.testng.SuiteRunnerWorker.run(SuiteRunnerWorker.java:86)
	at org.testng.TestNG.runSuitesSequentially(TestNG.java:1225)
	at org.testng.TestNG.runSuitesLocally(TestNG.java:1150)
	at org.testng.TestNG.runSuites(TestNG.java:1075)
	at org.testng.TestNG.run(TestNG.java:1047)
	at org.testng.remote.AbstractRemoteTestNG.run(AbstractRemoteTestNG.java:126)
	at org.testng.remote.RemoteTestNG.initAndRun(RemoteTestNG.java:137)
	at org.testng.remote.RemoteTestNG.main(RemoteTestNG.java:58)
Caused by: java.net.SocketException: Connection reset
	at java.net.SocketInputStream.read(Unknown Source)
	at java.net.SocketInputStream.read(Unknown Source)
	at org.apache.http.impl.conn.LoggingInputStream.read(LoggingInputStream.java:87)
	at org.apache.http.impl.io.SessionInputBufferImpl.streamRead(SessionInputBufferImpl.java:139)
	at org.apache.http.impl.io.SessionInputBufferImpl.fillBuffer(SessionInputBufferImpl.java:155)
	at org.apache.http.impl.io.SessionInputBufferImpl.readLine(SessionInputBufferImpl.java:284)
	at org.apache.http.impl.conn.DefaultHttpResponseParser.parseHead(DefaultHttpResponseParser.java:140)
	at org.apache.http.impl.conn.DefaultHttpResponseParser.parseHead(DefaultHttpResponseParser.java:57)
	at org.apache.http.impl.io.AbstractMessageParser.parse(AbstractMessageParser.java:261)
	at org.apache.http.impl.DefaultBHttpClientConnection.receiveResponseHeader(DefaultBHttpClientConnection.java:165)
	at org.apache.http.impl.conn.CPoolProxy.receiveResponseHeader(CPoolProxy.java:167)
	at org.apache.http.protocol.HttpRequestExecutor.doReceiveResponse(HttpRequestExecutor.java:272)
	at org.apache.http.protocol.HttpRequestExecutor.execute(HttpRequestExecutor.java:124)
	at org.apache.http.impl.execchain.MainClientExec.execute(MainClientExec.java:271)
	at org.apache.http.impl.execchain.ProtocolExec.execute(ProtocolExec.java:184)
	at org.apache.http.impl.execchain.RetryExec.execute(RetryExec.java:88)
	at org.apache.http.impl.execchain.RedirectExec.execute(RedirectExec.java:110)
	at org.apache.http.impl.client.InternalHttpClient.doExecute(InternalHttpClient.java:184)
	at org.apache.http.impl.client.CloseableHttpClient.execute(CloseableHttpClient.java:71)
	at org.apache.http.impl.client.CloseableHttpClient.execute(CloseableHttpClient.java:55)
	at org.openqa.selenium.remote.internal.ApacheHttpClient.fallBackExecute(ApacheHttpClient.java:144)
	at org.openqa.selenium.remote.internal.ApacheHttpClient.execute(ApacheHttpClient.java:90)
	at org.openqa.selenium.remote.HttpCommandExecutor.execute(HttpCommandExecutor.java:142)
	at org.openqa.selenium.firefox.internal.NewProfileExtensionConnection.execute(NewProfileExtensionConnection.java:160)
	at org.openqa.selenium.firefox.FirefoxDriver$LazyCommandExecutor.execute(FirefoxDriver.java:380)
	at org.openqa.selenium.remote.RemoteWebDriver.execute(RemoteWebDriver.java:644)
	... 38 more
]]>
    </failure>
  </testcase> <!-- @BeforeClass init -->
  <testcase name="@AfterClass testEnd" time="0.0" classname="com.dnl.test.sample.DenovoLabTest">
    <skipped/>
  </testcase> <!-- @AfterClass testEnd -->
  <testcase name="test" time="0.001" classname="com.dnl.test.sample.DenovoLabTest">
    <skipped/>
  </testcase> <!-- test -->
  <testcase name="testCreateNewClient" time="0.001" classname="com.dnl.test.sample.DenovoLabTest">
    <skipped/>
  </testcase> <!-- testCreateNewClient -->
  <testcase name="testDenovo" time="0.0" classname="com.dnl.test.sample.DenovoLabTest">
    <skipped/>
  </testcase> <!-- testDenovo -->
  <testcase name="testEmptyPasswordAndSignIn" time="0.001" classname="com.dnl.test.sample.DenovoLabTest">
    <skipped/>
  </testcase> <!-- testEmptyPasswordAndSignIn -->
  <testcase name="testEmptyUsernameAndPassword" time="0.0" classname="com.dnl.test.sample.DenovoLabTest">
    <skipped/>
  </testcase> <!-- testEmptyUsernameAndPassword -->
  <testcase name="testEmptyUsernameAndSignIn" time="0.001" classname="com.dnl.test.sample.DenovoLabTest">
    <skipped/>
  </testcase> <!-- testEmptyUsernameAndSignIn -->
  <testcase name="testGoogle" time="0.001" classname="com.dnl.test.sample.DenovoLabTest">
    <skipped/>
  </testcase> <!-- testGoogle -->
  <testcase name="testRememberMe" time="0.0" classname="com.dnl.test.sample.DenovoLabTest">
    <skipped/>
  </testcase> <!-- testRememberMe -->
  <testcase name="testResetCreateNewClient" time="0.002" classname="com.dnl.test.sample.DenovoLabTest">
    <skipped/>
  </testcase> <!-- testResetCreateNewClient -->
  <testcase name="testUsername" time="0.001" classname="com.dnl.test.sample.DenovoLabTest">
    <skipped/>
  </testcase> <!-- testUsername -->
</testsuite> <!-- Default test -->
